[12:23:56.890][info] [#0:/home/ziddpy/.local/share/nvim/mason/packages/lua-language-server/libexec/main.lua:66]: Lua Lsp startup, root: 	/home/ziddpy/.local/share/nvim/mason/packages/lua-language-server/libexec
[12:23:56.890][info] [#0:/home/ziddpy/.local/share/nvim/mason/packages/lua-language-server/libexec/main.lua:67]: ROOT:	/home/ziddpy/.local/share/nvim/mason/packages/lua-language-server/libexec
[12:23:56.890][info] [#0:/home/ziddpy/.local/share/nvim/mason/packages/lua-language-server/libexec/main.lua:68]: LOGPATH:	/home/ziddpy/.local/share/nvim/mason/packages/lua-language-server/libexec/log
[12:23:56.890][info] [#0:/home/ziddpy/.local/share/nvim/mason/packages/lua-language-server/libexec/main.lua:69]: METAPATH:	/home/ziddpy/.local/share/nvim/mason/packages/lua-language-server/libexec/meta
[12:23:56.891][info] [#0:/home/ziddpy/.local/share/nvim/mason/packages/lua-language-server/libexec/main.lua:70]: VERSION:	3.6.18
[12:23:56.972][info] [#0:script/service/service.lua:144]: 
========= Medical Examination Report =========
    --------------- Memory ---------------
        Total: 2.112 MB
        # 00 : 2.112 MB
        # 01 : 0.000 MB
        # 02 : 0.000 MB
        # 03 : 0.000 MB
        # 04 : 0.000 MB
    --------------- Coroutine ---------------
        Total:     0
        Running:   0
        Suspended: 0
        Normal:    0
        Dead:      0
    --------------- Cache ---------------
        Total: 1
        Dead:  0
    ---------------  RPC  ---------------
        Holdon:   0
        Waiting:  0
==============================================
[12:23:56.983][info] [#0:script/client.lua:657]: Client init	{
  capabilities = {
    textDocument = {
      callHierarchy = {
        dynamicRegistration = false
      },
      codeAction = {
        codeActionLiteralSupport = {
          codeActionKind = {
            valueSet = { "", "quickfix", "refactor", "refactor.extract", "refactor.inline", "refactor.rewrite", "source", "source.organizeImports" }
          }
        },
        dataSupport = true,
        dynamicRegistration = false,
        isPreferredSupport = true,
        resolveSupport = {
          properties = { "edit" }
        }
      },
      completion = {
        completionItem = {
          commitCharactersSupport = true,
          deprecatedSupport = true,
          documentationFormat = { "markdown", "plaintext" },
          insertReplaceSupport = true,
          insertTextModeSupport = {
            valueSet = { 1, 2 }
          },
          labelDetailsSupport = true,
          preselectSupport = true,
          resolveSupport = {
            properties = { "documentation", "detail", "additionalTextEdits" }
          },
          snippetSupport = true,
          tagSupport = {
            valueSet = { 1 }
          }
        },
        completionItemKind = {
          valueSet = { 1, 2, 3, 4, 5, 6, 7, 8, 9, 10, 11, 12, 13, 14, 15, 16, 17, 18, 19, 20, 21, 22, 23, 24, 25 }
        },
        completionList = {
          itemDefaults = { "commitCharacters", "editRange", "insertTextFormat", "insertTextMode", "data" }
        },
        contextSupport = true,
        dynamicRegistration = false,
        insertTextMode = 1
      },
      declaration = {
        linkSupport = true
      },
      definition = {
        linkSupport = true
      },
      documentHighlight = {
        dynamicRegistration = false
      },
      documentSymbol = {
        dynamicRegistration = false,
        hierarchicalDocumentSymbolSupport = true,
        symbolKind = {
          valueSet = { 1, 2, 3, 4, 5, 6, 7, 8, 9, 10, 11, 12, 13, 14, 15, 16, 17, 18, 19, 20, 21, 22, 23, 24, 25, 26 }
        }
      },
      hover = {
        contentFormat = { "markdown", "plaintext" },
        dynamicRegistration = false
      },
      implementation = {
        linkSupport = true
      },
      publishDiagnostics = {
        relatedInformation = true,
        tagSupport = {
          valueSet = { 1, 2 }
        }
      },
      references = {
        dynamicRegistration = false
      },
      rename = {
        dynamicRegistration = false,
        prepareSupport = true
      },
      semanticTokens = {
        augmentsSyntaxTokens = true,
        dynamicRegistration = false,
        formats = { "relative" },
        multilineTokenSupport = false,
        overlappingTokenSupport = true,
        requests = {
          full = {
            delta = true
          },
          range = false
        },
        serverCancelSupport = false,
        tokenModifiers = { "declaration", "definition", "readonly", "static", "deprecated", "abstract", "async", "modification", "documentation", "defaultLibrary" },
        tokenTypes = { "namespace", "type", "class", "enum", "interface", "struct", "typeParameter", "parameter", "variable", "property", "enumMember", "event", "function", "method", "macro", "keyword", "modifier", "comment", "string", "number", "regexp", "operator", "decorator" }
      },
      signatureHelp = {
        dynamicRegistration = false,
        signatureInformation = {
          activeParameterSupport = true,
          documentationFormat = { "markdown", "plaintext" },
          parameterInformation = {
            labelOffsetSupport = true
          }
        }
      },
      synchronization = {
        didSave = true,
        dynamicRegistration = false,
        willSave = true,
        willSaveWaitUntil = true
      },
      typeDefinition = {
        linkSupport = true
      }
    },
    window = {
      showDocument = {
        support = true
      },
      showMessage = {
        messageActionItem = {
          additionalPropertiesSupport = false
        }
      },
      workDoneProgress = true
    },
    workspace = {
      applyEdit = true,
      configuration = true,
      didChangeWatchedFiles = {
        dynamicRegistration = false,
        relativePatternSupport = true
      },
      semanticTokens = {
        refreshSupport = true
      },
      symbol = {
        dynamicRegistration = false,
        hierarchicalWorkspaceSymbolSupport = true,
        symbolKind = {
          valueSet = { 1, 2, 3, 4, 5, 6, 7, 8, 9, 10, 11, 12, 13, 14, 15, 16, 17, 18, 19, 20, 21, 22, 23, 24, 25, 26 }
        }
      },
      workspaceEdit = {
        resourceOperations = { "rename", "create", "delete" }
      },
      workspaceFolders = true
    }
  },
  clientInfo = {
    name = "Neovim",
    version = "0.9.0"
  },
  initializationOptions = {},
  processId = 11296,
  rootPath = "/home/ziddpy/.config/nvim",
  rootUri = "file:///home/ziddpy/.config/nvim",
  trace = "off",
  workspaceFolders = { {
      name = "/home/ziddpy/.config/nvim",
      uri = "file:///home/ziddpy/.config/nvim"
    } }
}
[12:23:56.983][info] [#0:script/language.lua:137]: VSC language: nil
[12:23:56.983][info] [#0:script/language.lua:138]: LS  language: en-us
[12:23:56.983][info] [#0:script/workspace/workspace.lua:38]: Workspace init root: 	file:///home/ziddpy/.config/nvim
[12:23:56.983][info] [#0:script/workspace/workspace.lua:42]: Log path: 	/home/ziddpy/.local/share/nvim/mason/packages/lua-language-server/libexec/log/file_home_ziddpy_.config_nvim.log
[12:23:56.983][info] [#0:script/workspace/workspace.lua:48]: Workspace create: 	file:///home/ziddpy/.config/nvim
[12:23:57.087][info] [#0:script/provider/provider.lua:46]: Load config from client	file:///home/ziddpy/.config/nvim
[12:23:57.087][info] [#0:script/provider/provider.lua:47]: {
  Lua = {
    telemetry = {
      enable = false
    }
  }
}
[12:23:57.087][info] [#0:script/provider/provider.lua:53]: Load config from .luarc.json/.luarc.jsonc	file:///home/ziddpy/.config/nvim
[12:23:57.087][info] [#0:script/provider/provider.lua:54]: {
  ["$schema"] = "https://raw.githubusercontent.com/sumneko/vscode-lua/master/setting/schema.json",
  ["Lua.diagnostics.disable"] = { "unused-local", "redefined-local" },
  ["Lua.diagnostics.globals"] = { "vim", "s" }
}
[12:23:57.087][info] [#0:script/provider/provider.lua:46]: Load config from client	file:///home/ziddpy/.config/nvim
[12:23:57.087][info] [#0:script/provider/provider.lua:47]: {
  Lua = {
    telemetry = {
      enable = false
    }
  }
}
[12:23:57.087][info] [#0:script/provider/provider.lua:53]: Load config from .luarc.json/.luarc.jsonc	file:///home/ziddpy/.config/nvim
[12:23:57.087][info] [#0:script/provider/provider.lua:54]: {
  ["$schema"] = "https://raw.githubusercontent.com/sumneko/vscode-lua/master/setting/schema.json",
  ["Lua.diagnostics.disable"] = { "unused-local", "redefined-local" },
  ["Lua.diagnostics.globals"] = { "vim", "s" }
}
[12:23:57.088][info] [#0:script/provider/provider.lua:46]: Load config from client	file:///home/ziddpy/.config/nvim
[12:23:57.088][info] [#0:script/provider/provider.lua:47]: {
  Lua = {
    telemetry = {
      enable = false
    }
  }
}
[12:23:57.088][info] [#0:script/provider/provider.lua:53]: Load config from .luarc.json/.luarc.jsonc	file:///home/ziddpy/.config/nvim
[12:23:57.088][info] [#0:script/provider/provider.lua:54]: {
  ["$schema"] = "https://raw.githubusercontent.com/sumneko/vscode-lua/master/setting/schema.json",
  ["Lua.diagnostics.disable"] = { "unused-local", "redefined-local" },
  ["Lua.diagnostics.globals"] = { "vim", "s" }
}
[12:23:57.088][info] [#0:script/provider/provider.lua:61]: Load config from client	fallback
[12:23:57.088][info] [#0:script/provider/provider.lua:62]: {
  Lua = {
    telemetry = {
      enable = false
    }
  }
}
[12:23:57.088][info] [#0:script/library.lua:212]: Init builtin library at:	file:///home/ziddpy/.config/nvim
[12:23:57.130][info] [#0:script/plugin.lua:86]: plugin path:	/home/ziddpy/.config/nvim
[12:23:57.130][warn] [#0:script/plugin.lua:101]: plugin not found:	/home/ziddpy/.config/nvim
[12:23:57.130][info] [#0:script/library.lua:212]: Init builtin library at:	nil
[12:23:57.142][info] [#0:script/provider/provider.lua:61]: Load config from client	fallback
[12:23:57.142][info] [#0:script/provider/provider.lua:62]: {
  Lua = {
    telemetry = {
      enable = false
    }
  }
}
[12:23:57.142][info] [#0:script/provider/provider.lua:61]: Load config from client	fallback
[12:23:57.142][info] [#0:script/provider/provider.lua:62]: {
  Lua = {
    telemetry = {
      enable = false
    }
  }
}
[12:23:57.243][info] [#0:script/workspace/workspace.lua:322]: Preload start:	file:///home/ziddpy/.config/nvim
[12:23:57.247][info] [#0:script/workspace/workspace.lua:328]: Scan files at:	file:///home/ziddpy/.config/nvim
[12:23:57.248][info] [#0:script/workspace/workspace.lua:322]: Preload start:	<fallback>
[12:23:57.251][info] [#0:script/workspace/workspace.lua:351]: Scan library at:	file:///home/ziddpy/.local/share/nvim/mason/packages/lua-language-server/libexec/meta/Lua%205.4%20en-us%20utf8/debug.lua
[12:23:57.252][info] [#0:script/workspace/workspace.lua:351]: Scan library at:	file:///home/ziddpy/.local/share/nvim/mason/packages/lua-language-server/libexec/meta/Lua%205.4%20en-us%20utf8/table.lua
[12:23:57.252][info] [#0:script/workspace/workspace.lua:351]: Scan library at:	file:///home/ziddpy/.local/share/nvim/mason/packages/lua-language-server/libexec/meta/Lua%205.4%20en-us%20utf8/basic.lua
[12:23:57.252][info] [#0:script/workspace/workspace.lua:351]: Scan library at:	file:///home/ziddpy/.local/share/nvim/mason/packages/lua-language-server/libexec/meta/Lua%205.4%20en-us%20utf8/math.lua
[12:23:57.253][info] [#0:script/workspace/workspace.lua:351]: Scan library at:	file:///home/ziddpy/.local/share/nvim/mason/packages/lua-language-server/libexec/meta/Lua%205.4%20en-us%20utf8/io.lua
[12:23:57.253][info] [#0:script/workspace/workspace.lua:351]: Scan library at:	file:///home/ziddpy/.local/share/nvim/mason/packages/lua-language-server/libexec/meta/Lua%205.4%20en-us%20utf8/utf8.lua
[12:23:57.253][info] [#0:script/workspace/workspace.lua:351]: Scan library at:	file:///home/ziddpy/.local/share/nvim/mason/packages/lua-language-server/libexec/meta/Lua%205.4%20en-us%20utf8/string.lua
[12:23:57.253][info] [#0:script/workspace/workspace.lua:351]: Scan library at:	file:///home/ziddpy/.local/share/nvim/mason/packages/lua-language-server/libexec/meta/Lua%205.4%20en-us%20utf8/package.lua
[12:23:57.253][info] [#0:script/workspace/workspace.lua:351]: Scan library at:	file:///home/ziddpy/.local/share/nvim/mason/packages/lua-language-server/libexec/meta/Lua%205.4%20en-us%20utf8/os.lua
[12:23:57.254][info] [#0:script/workspace/workspace.lua:351]: Scan library at:	file:///home/ziddpy/.local/share/nvim/mason/packages/lua-language-server/libexec/meta/Lua%205.4%20en-us%20utf8/builtin.lua
[12:23:57.254][info] [#0:script/workspace/workspace.lua:351]: Scan library at:	file:///home/ziddpy/.local/share/nvim/mason/packages/lua-language-server/libexec/meta/Lua%205.4%20en-us%20utf8/coroutine.lua
[12:23:57.255][info] [#0:script/workspace/workspace.lua:351]: Scan library at:	file:///home/ziddpy/.local/share/nvim/mason/packages/lua-language-server/libexec/meta/Lua%205.4%20en-us%20utf8/debug.lua
[12:23:57.255][info] [#0:script/workspace/workspace.lua:351]: Scan library at:	file:///home/ziddpy/.local/share/nvim/mason/packages/lua-language-server/libexec/meta/Lua%205.4%20en-us%20utf8/table.lua
[12:23:57.256][info] [#0:script/workspace/workspace.lua:351]: Scan library at:	file:///home/ziddpy/.local/share/nvim/mason/packages/lua-language-server/libexec/meta/Lua%205.4%20en-us%20utf8/basic.lua
[12:23:57.256][info] [#0:script/workspace/workspace.lua:351]: Scan library at:	file:///home/ziddpy/.local/share/nvim/mason/packages/lua-language-server/libexec/meta/Lua%205.4%20en-us%20utf8/math.lua
[12:23:57.256][info] [#0:script/workspace/workspace.lua:351]: Scan library at:	file:///home/ziddpy/.local/share/nvim/mason/packages/lua-language-server/libexec/meta/Lua%205.4%20en-us%20utf8/io.lua
[12:23:57.256][info] [#0:script/workspace/workspace.lua:351]: Scan library at:	file:///home/ziddpy/.local/share/nvim/mason/packages/lua-language-server/libexec/meta/Lua%205.4%20en-us%20utf8/utf8.lua
[12:23:57.256][info] [#0:script/workspace/workspace.lua:351]: Scan library at:	file:///home/ziddpy/.local/share/nvim/mason/packages/lua-language-server/libexec/meta/Lua%205.4%20en-us%20utf8/string.lua
[12:23:57.256][info] [#0:script/workspace/workspace.lua:351]: Scan library at:	file:///home/ziddpy/.local/share/nvim/mason/packages/lua-language-server/libexec/meta/Lua%205.4%20en-us%20utf8/package.lua
[12:23:57.256][info] [#0:script/workspace/workspace.lua:351]: Scan library at:	file:///home/ziddpy/.local/share/nvim/mason/packages/lua-language-server/libexec/meta/Lua%205.4%20en-us%20utf8/os.lua
[12:23:57.256][info] [#0:script/workspace/workspace.lua:351]: Scan library at:	file:///home/ziddpy/.local/share/nvim/mason/packages/lua-language-server/libexec/meta/Lua%205.4%20en-us%20utf8/builtin.lua
[12:23:57.256][info] [#0:script/workspace/workspace.lua:351]: Scan library at:	file:///home/ziddpy/.local/share/nvim/mason/packages/lua-language-server/libexec/meta/Lua%205.4%20en-us%20utf8/coroutine.lua
[12:23:57.357][info] [#0:script/workspace/workspace.lua:377]: Found 11 files at:	<fallback>
[12:23:57.357][info] [#0:script/workspace/loading.lua:161]: Load files from disk:	<fallback>
[12:23:57.357][info] [#0:script/workspace/workspace.lua:377]: Found 42 files at:	file:///home/ziddpy/.config/nvim
[12:23:57.357][info] [#0:script/workspace/loading.lua:161]: Load files from disk:	file:///home/ziddpy/.config/nvim
[12:23:57.360][info] [#0:script/workspace/loading.lua:101]: Preload file at: file:///home/ziddpy/.local/share/nvim/mason/packages/lua-language-server/libexec/meta/Lua%205.4%20en-us%20utf8/coroutine.lua , size = 2.590 KB
[12:23:57.363][info] [#0:script/workspace/loading.lua:113]: ++++As library of:	file:///home/ziddpy/.local/share/nvim/mason/packages/lua-language-server/libexec/meta/Lua%205.4%20en-us%20utf8/coroutine.lua
[12:23:57.363][info] [#0:script/workspace/loading.lua:98]: Skip loaded file: file:///home/ziddpy/.local/share/nvim/mason/packages/lua-language-server/libexec/meta/Lua%205.4%20en-us%20utf8/coroutine.lua
[12:23:57.363][info] [#0:script/workspace/loading.lua:101]: Preload file at: file:///home/ziddpy/.local/share/nvim/mason/packages/lua-language-server/libexec/meta/Lua%205.4%20en-us%20utf8/builtin.lua , size = 0.302 KB
[12:23:57.364][info] [#0:script/workspace/loading.lua:113]: ++++As library of:	file:///home/ziddpy/.local/share/nvim/mason/packages/lua-language-server/libexec/meta/Lua%205.4%20en-us%20utf8/builtin.lua
[12:23:57.364][info] [#0:script/workspace/loading.lua:98]: Skip loaded file: file:///home/ziddpy/.local/share/nvim/mason/packages/lua-language-server/libexec/meta/Lua%205.4%20en-us%20utf8/builtin.lua
[12:23:57.364][info] [#0:script/workspace/loading.lua:101]: Preload file at: file:///home/ziddpy/.local/share/nvim/mason/packages/lua-language-server/libexec/meta/Lua%205.4%20en-us%20utf8/os.lua , size = 4.347 KB
[12:23:57.369][info] [#0:script/workspace/loading.lua:113]: ++++As library of:	file:///home/ziddpy/.local/share/nvim/mason/packages/lua-language-server/libexec/meta/Lua%205.4%20en-us%20utf8/os.lua
[12:23:57.369][info] [#0:script/workspace/loading.lua:89]: Skip loaded file: file:///home/ziddpy/.local/share/nvim/mason/packages/lua-language-server/libexec/meta/Lua%205.4%20en-us%20utf8/os.lua
[12:23:57.369][info] [#0:script/workspace/loading.lua:113]: ++++As library of:	file:///home/ziddpy/.local/share/nvim/mason/packages/lua-language-server/libexec/meta/Lua%205.4%20en-us%20utf8/os.lua
[12:23:57.370][info] [#0:script/workspace/loading.lua:101]: Preload file at: file:///home/ziddpy/.local/share/nvim/mason/packages/lua-language-server/libexec/meta/Lua%205.4%20en-us%20utf8/package.lua , size = 2.944 KB
[12:23:57.372][info] [#0:script/workspace/loading.lua:113]: ++++As library of:	file:///home/ziddpy/.local/share/nvim/mason/packages/lua-language-server/libexec/meta/Lua%205.4%20en-us%20utf8/package.lua
[12:23:57.372][info] [#0:script/workspace/loading.lua:98]: Skip loaded file: file:///home/ziddpy/.local/share/nvim/mason/packages/lua-language-server/libexec/meta/Lua%205.4%20en-us%20utf8/package.lua
[12:23:57.372][info] [#0:script/workspace/loading.lua:101]: Preload file at: file:///home/ziddpy/.local/share/nvim/mason/packages/lua-language-server/libexec/meta/Lua%205.4%20en-us%20utf8/string.lua , size = 6.302 KB
[12:23:57.376][info] [#0:script/workspace/loading.lua:113]: ++++As library of:	file:///home/ziddpy/.local/share/nvim/mason/packages/lua-language-server/libexec/meta/Lua%205.4%20en-us%20utf8/string.lua
[12:23:57.376][info] [#0:script/workspace/loading.lua:101]: Preload file at: file:///home/ziddpy/.local/share/nvim/mason/packages/lua-language-server/libexec/meta/Lua%205.4%20en-us%20utf8/utf8.lua , size = 2.386 KB
[12:23:57.379][info] [#0:script/workspace/loading.lua:113]: ++++As library of:	file:///home/ziddpy/.local/share/nvim/mason/packages/lua-language-server/libexec/meta/Lua%205.4%20en-us%20utf8/utf8.lua
[12:23:57.379][info] [#0:script/workspace/loading.lua:98]: Skip loaded file: file:///home/ziddpy/.local/share/nvim/mason/packages/lua-language-server/libexec/meta/Lua%205.4%20en-us%20utf8/string.lua
[12:23:57.379][info] [#0:script/workspace/loading.lua:89]: Skip loaded file: file:///home/ziddpy/.local/share/nvim/mason/packages/lua-language-server/libexec/meta/Lua%205.4%20en-us%20utf8/utf8.lua
[12:23:57.379][info] [#0:script/workspace/loading.lua:113]: ++++As library of:	file:///home/ziddpy/.local/share/nvim/mason/packages/lua-language-server/libexec/meta/Lua%205.4%20en-us%20utf8/utf8.lua
[12:23:57.379][info] [#0:script/workspace/loading.lua:101]: Preload file at: file:///home/ziddpy/.local/share/nvim/mason/packages/lua-language-server/libexec/meta/Lua%205.4%20en-us%20utf8/io.lua , size = 6.364 KB
[12:23:57.387][info] [#0:script/workspace/loading.lua:113]: ++++As library of:	file:///home/ziddpy/.local/share/nvim/mason/packages/lua-language-server/libexec/meta/Lua%205.4%20en-us%20utf8/io.lua
[12:23:57.387][info] [#0:script/workspace/loading.lua:98]: Skip loaded file: file:///home/ziddpy/.local/share/nvim/mason/packages/lua-language-server/libexec/meta/Lua%205.4%20en-us%20utf8/io.lua
[12:23:57.387][info] [#0:script/workspace/loading.lua:101]: Preload file at: file:///home/ziddpy/.local/share/nvim/mason/packages/lua-language-server/libexec/meta/Lua%205.4%20en-us%20utf8/math.lua , size = 8.731 KB
[12:23:57.394][info] [#0:script/workspace/loading.lua:113]: ++++As library of:	file:///home/ziddpy/.local/share/nvim/mason/packages/lua-language-server/libexec/meta/Lua%205.4%20en-us%20utf8/math.lua
[12:23:57.394][info] [#0:script/workspace/loading.lua:98]: Skip loaded file: file:///home/ziddpy/.local/share/nvim/mason/packages/lua-language-server/libexec/meta/Lua%205.4%20en-us%20utf8/math.lua
[12:23:57.394][info] [#0:script/workspace/loading.lua:101]: Preload file at: file:///home/ziddpy/.local/share/nvim/mason/packages/lua-language-server/libexec/meta/Lua%205.4%20en-us%20utf8/basic.lua , size = 14.160 KB
[12:23:57.405][info] [#0:script/workspace/loading.lua:113]: ++++As library of:	file:///home/ziddpy/.local/share/nvim/mason/packages/lua-language-server/libexec/meta/Lua%205.4%20en-us%20utf8/basic.lua
[12:23:57.405][info] [#0:script/workspace/loading.lua:89]: Skip loaded file: file:///home/ziddpy/.local/share/nvim/mason/packages/lua-language-server/libexec/meta/Lua%205.4%20en-us%20utf8/basic.lua
[12:23:57.405][info] [#0:script/workspace/loading.lua:113]: ++++As library of:	file:///home/ziddpy/.local/share/nvim/mason/packages/lua-language-server/libexec/meta/Lua%205.4%20en-us%20utf8/basic.lua
[12:23:57.405][info] [#0:script/workspace/loading.lua:101]: Preload file at: file:///home/ziddpy/.local/share/nvim/mason/packages/lua-language-server/libexec/meta/Lua%205.4%20en-us%20utf8/table.lua , size = 4.230 KB
[12:23:57.408][info] [#0:script/workspace/loading.lua:113]: ++++As library of:	file:///home/ziddpy/.local/share/nvim/mason/packages/lua-language-server/libexec/meta/Lua%205.4%20en-us%20utf8/table.lua
[12:23:57.408][info] [#0:script/workspace/loading.lua:98]: Skip loaded file: file:///home/ziddpy/.local/share/nvim/mason/packages/lua-language-server/libexec/meta/Lua%205.4%20en-us%20utf8/table.lua
[12:23:57.408][info] [#0:script/workspace/loading.lua:101]: Preload file at: file:///home/ziddpy/.local/share/nvim/mason/packages/lua-language-server/libexec/meta/Lua%205.4%20en-us%20utf8/debug.lua , size = 7.637 KB
[12:23:57.415][info] [#0:script/workspace/loading.lua:113]: ++++As library of:	file:///home/ziddpy/.local/share/nvim/mason/packages/lua-language-server/libexec/meta/Lua%205.4%20en-us%20utf8/debug.lua
[12:23:57.415][info] [#0:script/workspace/loading.lua:98]: Skip loaded file: file:///home/ziddpy/.local/share/nvim/mason/packages/lua-language-server/libexec/meta/Lua%205.4%20en-us%20utf8/debug.lua
[12:23:57.415][info] [#0:script/workspace/loading.lua:173]: Loaded files takes [0.062] sec: <fallback>
[12:23:57.415][info] [#0:script/workspace/loading.lua:182]: Compile files takes [0.000] sec: <fallback>
[12:23:57.415][info] [#0:script/workspace/loading.lua:183]: Loaded finish:	<fallback>
[12:23:57.415][info] [#0:script/workspace/workspace.lua:379]: Preload finish at:	<fallback>
[12:23:57.440][info] [#0:script/workspace/loading.lua:101]: Preload file at: file:///home/ziddpy/.config/nvim/after/plugin/alpha.lua , size = 1.503 KB
[12:23:57.442][info] [#0:script/workspace/loading.lua:101]: Preload file at: file:///home/ziddpy/.config/nvim/after/plugin/autopairs.lua , size = 0.838 KB
[12:23:57.443][info] [#0:script/workspace/loading.lua:101]: Preload file at: file:///home/ziddpy/.config/nvim/after/plugin/bufferline.lua , size = 1.405 KB
[12:23:57.444][info] [#0:script/workspace/loading.lua:101]: Preload file at: file:///home/ziddpy/.config/nvim/after/plugin/cmp.lua , size = 3.217 KB
[12:23:57.449][info] [#0:script/workspace/loading.lua:101]: Preload file at: file:///home/ziddpy/.config/nvim/after/plugin/colorizer.lua , size = 0.028 KB
[12:23:57.449][info] [#0:script/workspace/loading.lua:101]: Preload file at: file:///home/ziddpy/.config/nvim/after/plugin/comment.lua , size = 0.665 KB
[12:23:57.450][info] [#0:script/workspace/loading.lua:101]: Preload file at: file:///home/ziddpy/.config/nvim/after/plugin/gitsigns.lua , size = 1.561 KB
[12:23:57.452][info] [#0:script/workspace/loading.lua:101]: Preload file at: file:///home/ziddpy/.config/nvim/after/plugin/indentline.lua , size = 0.194 KB
[12:23:57.453][info] [#0:script/workspace/loading.lua:101]: Preload file at: file:///home/ziddpy/.config/nvim/after/plugin/lualine.lua , size = 1.223 KB
[12:23:57.454][info] [#0:script/workspace/loading.lua:101]: Preload file at: file:///home/ziddpy/.config/nvim/after/plugin/neotree.lua , size = 0.938 KB
[12:23:57.455][info] [#0:script/workspace/loading.lua:101]: Preload file at: file:///home/ziddpy/.config/nvim/after/plugin/presence.lua , size = 2.529 KB
[12:23:57.461][info] [#0:script/workspace/loading.lua:101]: Preload file at: file:///home/ziddpy/.config/nvim/after/plugin/project.lua , size = 1.791 KB
[12:23:57.463][info] [#0:script/workspace/loading.lua:101]: Preload file at: file:///home/ziddpy/.config/nvim/after/plugin/telescope.lua , size = 3.052 KB
[12:23:57.466][info] [#0:script/workspace/loading.lua:101]: Preload file at: file:///home/ziddpy/.config/nvim/after/plugin/toggleterm.lua , size = 5.090 KB
[12:23:57.471][info] [#0:script/workspace/loading.lua:101]: Preload file at: file:///home/ziddpy/.config/nvim/after/plugin/treesitter.lua , size = 0.807 KB
[12:23:57.472][info] [#0:script/workspace/loading.lua:101]: Preload file at: file:///home/ziddpy/.config/nvim/init.lua , size = 0.147 KB
[12:23:57.472][info] [#0:script/workspace/loading.lua:101]: Preload file at: file:///home/ziddpy/.config/nvim/after/plugin/whichkey.lua , size = 7.010 KB
[12:23:57.477][info] [#0:script/workspace/loading.lua:101]: Preload file at: file:///home/ziddpy/.config/nvim/lua/kevin/autocmds.lua , size = 0.793 KB
[12:23:57.477][info] [#0:script/workspace/loading.lua:101]: Preload file at: file:///home/ziddpy/.config/nvim/lua/kevin/colorscheme.lua , size = 1.446 KB
[12:23:57.478][info] [#0:script/workspace/loading.lua:101]: Preload file at: file:///home/ziddpy/.config/nvim/lua/kevin/keymaps.lua , size = 3.208 KB
[12:23:57.480][info] [#0:script/workspace/loading.lua:101]: Preload file at: file:///home/ziddpy/.config/nvim/lua/kevin/lsp/handlers.lua , size = 3.633 KB
[12:23:57.483][info] [#0:script/workspace/loading.lua:101]: Preload file at: file:///home/ziddpy/.config/nvim/lua/kevin/lsp/init.lua , size = 0.207 KB
[12:23:57.484][info] [#0:script/workspace/loading.lua:101]: Preload file at: file:///home/ziddpy/.config/nvim/lua/kevin/lsp/lsp-signature.lua , size = 3.058 KB
[12:23:57.485][info] [#0:script/workspace/loading.lua:101]: Preload file at: file:///home/ziddpy/.config/nvim/lua/kevin/lsp/mason.lua , size = 1.489 KB
[12:23:57.487][info] [#0:script/workspace/loading.lua:101]: Preload file at: file:///home/ziddpy/.config/nvim/lua/kevin/lsp/null-ls.lua , size = 0.882 KB
[12:23:57.488][info] [#0:script/workspace/loading.lua:101]: Preload file at: file:///home/ziddpy/.config/nvim/lua/kevin/lsp/settings/emmetls.lua , size = 0.480 KB
[12:23:57.488][info] [#0:script/workspace/loading.lua:101]: Preload file at: file:///home/ziddpy/.config/nvim/lua/kevin/lsp/settings/jsonls.lua , size = 4.919 KB
[12:23:57.490][info] [#0:script/workspace/loading.lua:101]: Preload file at: file:///home/ziddpy/.config/nvim/lua/kevin/lsp/settings/sumneko_lua.lua , size = 0.233 KB
[12:23:57.491][info] [#0:script/workspace/loading.lua:89]: Skip loaded file: file:///home/ziddpy/.config/nvim/lua/kevin/plugins.lua
[12:23:57.491][info] [#0:script/workspace/loading.lua:101]: Preload file at: file:///home/ziddpy/.config/nvim/lua/kevin/options.lua , size = 2.266 KB
[12:23:57.492][info] [#0:script/workspace/loading.lua:101]: Preload file at: file:///home/ziddpy/.config/nvim/lua/kevin/treeutils.lua , size = 1.416 KB
[12:23:57.494][info] [#0:script/workspace/loading.lua:173]: Loaded files takes [0.127] sec: file:///home/ziddpy/.config/nvim
[12:23:57.494][info] [#0:script/workspace/loading.lua:182]: Compile files takes [0.000] sec: file:///home/ziddpy/.config/nvim
[12:23:57.494][info] [#0:script/workspace/loading.lua:183]: Loaded finish:	file:///home/ziddpy/.config/nvim
[12:23:57.494][info] [#0:script/workspace/workspace.lua:379]: Preload finish at:	file:///home/ziddpy/.config/nvim
[12:23:57.525][info] [#0:script/provider/diagnostic.lua:557]: Diagnostics scope [file:///home/ziddpy/.config/nvim], files count:[42]
[12:23:57.756][info] [#0:script/provider/diagnostic.lua:574]: Diagnostics scope [file:///home/ziddpy/.config/nvim] finished, takes [0.229] sec.
[12:24:23.880][info] [#0:script/provider/diagnostic.lua:171]: clearDiagnostics	file:///home/ziddpy/.config/nvim/lua/kevin/plugins.lua
[12:24:25.934][info] [#0:script/provider/provider.lua:169]: Server shutdown.
[12:24:25.934][warn] [#0:script/pub/report.lua:25]: Load proto error:	Disconnected!
